<?xml version="1.0" encoding="utf-8"?>
<coverage line-rate="0.5911" branch-rate="0.5" version="1.9" timestamp="1771896848" lines-covered="120" lines-valid="203" branches-covered="91" branches-valid="182">
  <sources>
    <source>C:\Users\Guilherme\source\repos\AgroBusinessSolution\AgroSolution.Management\AgroSolution.Core\App\</source>
  </sources>
  <packages>
    <package name="AgroSolution.Core" line-rate="0.5911" branch-rate="0.5" complexity="189">
      <classes>
        <class name="AgroSolution.Core.App.Validation.TemperatureSensorValidator" filename="Validation\IoTDeviceValidator.cs" line-rate="0.46149999999999997" branch-rate="0.4" complexity="21">
          <methods>
            <method name="get_SupportedDeviceType" signature="()" line-rate="0" branch-rate="1" complexity="1">
              <lines>
                <line number="37" hits="0" branch="False" />
              </lines>
            </method>
            <method name="ValidateRawData" signature="(System.String)" line-rate="0.8571" branch-rate="0.8" complexity="10">
              <lines>
                <line number="43" hits="7" branch="False" />
                <line number="44" hits="6" branch="False" />
                <line number="47" hits="6" branch="True" condition-coverage="100% (2/2)">
                  <conditions>
                    <condition number="38" type="jump" coverage="100%" />
                  </conditions>
                </line>
                <line number="48" hits="1" branch="False" />
                <line number="50" hits="5" branch="True" condition-coverage="50% (1/2)">
                  <conditions>
                    <condition number="53" type="jump" coverage="50%" />
                  </conditions>
                </line>
                <line number="51" hits="0" branch="False" />
                <line number="54" hits="5" branch="True" condition-coverage="50% (1/2)">
                  <conditions>
                    <condition number="69" type="jump" coverage="50%" />
                  </conditions>
                </line>
                <line number="55" hits="0" branch="False" />
                <line number="58" hits="5" branch="True" condition-coverage="100% (4/4)">
                  <conditions>
                    <condition number="82" type="jump" coverage="100%" />
                    <condition number="90" type="jump" coverage="100%" />
                  </conditions>
                </line>
                <line number="59" hits="1" branch="False" />
                <line number="61" hits="4" branch="False" />
                <line number="63" hits="1" branch="False" />
                <line number="65" hits="1" branch="False" />
                <line number="67" hits="7" branch="False" />
              </lines>
            </method>
            <method name="ExtractData" signature="(System.String)" line-rate="0" branch-rate="0" complexity="10">
              <lines>
                <line number="71" hits="0" branch="False" />
                <line number="72" hits="0" branch="False" />
                <line number="74" hits="0" branch="False" />
                <line number="76" hits="0" branch="True" condition-coverage="0% (0/4)">
                  <conditions>
                    <condition number="44" type="jump" coverage="0%" />
                    <condition number="55" type="jump" coverage="0%" />
                  </conditions>
                </line>
                <line number="77" hits="0" branch="False" />
                <line number="79" hits="0" branch="True" condition-coverage="0% (0/2)">
                  <conditions>
                    <condition number="89" type="jump" coverage="0%" />
                  </conditions>
                </line>
                <line number="80" hits="0" branch="True" condition-coverage="0% (0/2)">
                  <conditions>
                    <condition number="105" type="jump" coverage="0%" />
                  </conditions>
                </line>
                <line number="82" hits="0" branch="True" condition-coverage="0% (0/2)">
                  <conditions>
                    <condition number="132" type="jump" coverage="0%" />
                  </conditions>
                </line>
                <line number="83" hits="0" branch="False" />
                <line number="85" hits="0" branch="False" />
                <line number="86" hits="0" branch="False" />
              </lines>
            </method>
          </methods>
          <lines>
            <line number="37" hits="0" branch="False" />
            <line number="43" hits="7" branch="False" />
            <line number="44" hits="6" branch="False" />
            <line number="47" hits="6" branch="True" condition-coverage="100% (2/2)">
              <conditions>
                <condition number="38" type="jump" coverage="100%" />
              </conditions>
            </line>
            <line number="48" hits="1" branch="False" />
            <line number="50" hits="5" branch="True" condition-coverage="50% (1/2)">
              <conditions>
                <condition number="53" type="jump" coverage="50%" />
              </conditions>
            </line>
            <line number="51" hits="0" branch="False" />
            <line number="54" hits="5" branch="True" condition-coverage="50% (1/2)">
              <conditions>
                <condition number="69" type="jump" coverage="50%" />
              </conditions>
            </line>
            <line number="55" hits="0" branch="False" />
            <line number="58" hits="5" branch="True" condition-coverage="100% (4/4)">
              <conditions>
                <condition number="82" type="jump" coverage="100%" />
                <condition number="90" type="jump" coverage="100%" />
              </conditions>
            </line>
            <line number="59" hits="1" branch="False" />
            <line number="61" hits="4" branch="False" />
            <line number="63" hits="1" branch="False" />
            <line number="65" hits="1" branch="False" />
            <line number="67" hits="7" branch="False" />
            <line number="71" hits="0" branch="False" />
            <line number="72" hits="0" branch="False" />
            <line number="74" hits="0" branch="False" />
            <line number="76" hits="0" branch="True" condition-coverage="0% (0/4)">
              <conditions>
                <condition number="44" type="jump" coverage="0%" />
                <condition number="55" type="jump" coverage="0%" />
              </conditions>
            </line>
            <line number="77" hits="0" branch="False" />
            <line number="79" hits="0" branch="True" condition-coverage="0% (0/2)">
              <conditions>
                <condition number="89" type="jump" coverage="0%" />
              </conditions>
            </line>
            <line number="80" hits="0" branch="True" condition-coverage="0% (0/2)">
              <conditions>
                <condition number="105" type="jump" coverage="0%" />
              </conditions>
            </line>
            <line number="82" hits="0" branch="True" condition-coverage="0% (0/2)">
              <conditions>
                <condition number="132" type="jump" coverage="0%" />
              </conditions>
            </line>
            <line number="83" hits="0" branch="False" />
            <line number="85" hits="0" branch="False" />
            <line number="86" hits="0" branch="False" />
          </lines>
        </class>
        <class name="AgroSolution.Core.App.Validation.HumiditySensorValidator" filename="Validation\IoTDeviceValidator.cs" line-rate="0.3461" branch-rate="0.35" complexity="21">
          <methods>
            <method name="get_SupportedDeviceType" signature="()" line-rate="0" branch-rate="1" complexity="1">
              <lines>
                <line number="95" hits="0" branch="False" />
              </lines>
            </method>
            <method name="ValidateRawData" signature="(System.String)" line-rate="0.6428" branch-rate="0.7" complexity="10">
              <lines>
                <line number="101" hits="2" branch="False" />
                <line number="102" hits="2" branch="False" />
                <line number="105" hits="2" branch="True" condition-coverage="50% (1/2)">
                  <conditions>
                    <condition number="38" type="jump" coverage="50%" />
                  </conditions>
                </line>
                <line number="106" hits="0" branch="False" />
                <line number="108" hits="2" branch="True" condition-coverage="50% (1/2)">
                  <conditions>
                    <condition number="53" type="jump" coverage="50%" />
                  </conditions>
                </line>
                <line number="109" hits="0" branch="False" />
                <line number="112" hits="2" branch="True" condition-coverage="50% (1/2)">
                  <conditions>
                    <condition number="69" type="jump" coverage="50%" />
                  </conditions>
                </line>
                <line number="113" hits="0" branch="False" />
                <line number="116" hits="2" branch="True" condition-coverage="100% (4/4)">
                  <conditions>
                    <condition number="82" type="jump" coverage="100%" />
                    <condition number="90" type="jump" coverage="100%" />
                  </conditions>
                </line>
                <line number="117" hits="1" branch="False" />
                <line number="119" hits="1" branch="False" />
                <line number="121" hits="0" branch="False" />
                <line number="123" hits="0" branch="False" />
                <line number="125" hits="2" branch="False" />
              </lines>
            </method>
            <method name="ExtractData" signature="(System.String)" line-rate="0" branch-rate="0" complexity="10">
              <lines>
                <line number="129" hits="0" branch="False" />
                <line number="130" hits="0" branch="False" />
                <line number="132" hits="0" branch="False" />
                <line number="134" hits="0" branch="True" condition-coverage="0% (0/4)">
                  <conditions>
                    <condition number="44" type="jump" coverage="0%" />
                    <condition number="55" type="jump" coverage="0%" />
                  </conditions>
                </line>
                <line number="135" hits="0" branch="False" />
                <line number="137" hits="0" branch="True" condition-coverage="0% (0/2)">
                  <conditions>
                    <condition number="89" type="jump" coverage="0%" />
                  </conditions>
                </line>
                <line number="138" hits="0" branch="True" condition-coverage="0% (0/2)">
                  <conditions>
                    <condition number="105" type="jump" coverage="0%" />
                  </conditions>
                </line>
                <line number="140" hits="0" branch="True" condition-coverage="0% (0/2)">
                  <conditions>
                    <condition number="132" type="jump" coverage="0%" />
                  </conditions>
                </line>
                <line number="141" hits="0" branch="False" />
                <line number="143" hits="0" branch="False" />
                <line number="144" hits="0" branch="False" />
              </lines>
            </method>
          </methods>
          <lines>
            <line number="95" hits="0" branch="False" />
            <line number="101" hits="2" branch="False" />
            <line number="102" hits="2" branch="False" />
            <line number="105" hits="2" branch="True" condition-coverage="50% (1/2)">
              <conditions>
                <condition number="38" type="jump" coverage="50%" />
              </conditions>
            </line>
            <line number="106" hits="0" branch="False" />
            <line number="108" hits="2" branch="True" condition-coverage="50% (1/2)">
              <conditions>
                <condition number="53" type="jump" coverage="50%" />
              </conditions>
            </line>
            <line number="109" hits="0" branch="False" />
            <line number="112" hits="2" branch="True" condition-coverage="50% (1/2)">
              <conditions>
                <condition number="69" type="jump" coverage="50%" />
              </conditions>
            </line>
            <line number="113" hits="0" branch="False" />
            <line number="116" hits="2" branch="True" condition-coverage="100% (4/4)">
              <conditions>
                <condition number="82" type="jump" coverage="100%" />
                <condition number="90" type="jump" coverage="100%" />
              </conditions>
            </line>
            <line number="117" hits="1" branch="False" />
            <line number="119" hits="1" branch="False" />
            <line number="121" hits="0" branch="False" />
            <line number="123" hits="0" branch="False" />
            <line number="125" hits="2" branch="False" />
            <line number="129" hits="0" branch="False" />
            <line number="130" hits="0" branch="False" />
            <line number="132" hits="0" branch="False" />
            <line number="134" hits="0" branch="True" condition-coverage="0% (0/4)">
              <conditions>
                <condition number="44" type="jump" coverage="0%" />
                <condition number="55" type="jump" coverage="0%" />
              </conditions>
            </line>
            <line number="135" hits="0" branch="False" />
            <line number="137" hits="0" branch="True" condition-coverage="0% (0/2)">
              <conditions>
                <condition number="89" type="jump" coverage="0%" />
              </conditions>
            </line>
            <line number="138" hits="0" branch="True" condition-coverage="0% (0/2)">
              <conditions>
                <condition number="105" type="jump" coverage="0%" />
              </conditions>
            </line>
            <line number="140" hits="0" branch="True" condition-coverage="0% (0/2)">
              <conditions>
                <condition number="132" type="jump" coverage="0%" />
              </conditions>
            </line>
            <line number="141" hits="0" branch="False" />
            <line number="143" hits="0" branch="False" />
            <line number="144" hits="0" branch="False" />
          </lines>
        </class>
        <class name="AgroSolution.Core.App.Validation.PrecipitationSensorValidator" filename="Validation\IoTDeviceValidator.cs" line-rate="0.35710000000000003" branch-rate="0.3" complexity="21">
          <methods>
            <method name="get_SupportedDeviceType" signature="()" line-rate="0" branch-rate="1" complexity="1">
              <lines>
                <line number="153" hits="0" branch="False" />
              </lines>
            </method>
            <method name="ValidateRawData" signature="(System.String)" line-rate="0.625" branch-rate="0.6" complexity="10">
              <lines>
                <line number="159" hits="2" branch="False" />
                <line number="160" hits="2" branch="False" />
                <line number="163" hits="2" branch="True" condition-coverage="50% (1/2)">
                  <conditions>
                    <condition number="38" type="jump" coverage="50%" />
                  </conditions>
                </line>
                <line number="164" hits="0" branch="False" />
                <line number="166" hits="2" branch="True" condition-coverage="50% (1/2)">
                  <conditions>
                    <condition number="53" type="jump" coverage="50%" />
                  </conditions>
                </line>
                <line number="167" hits="0" branch="False" />
                <line number="170" hits="2" branch="True" condition-coverage="50% (1/2)">
                  <conditions>
                    <condition number="69" type="jump" coverage="50%" />
                  </conditions>
                </line>
                <line number="171" hits="0" branch="False" />
                <line number="174" hits="2" branch="True" condition-coverage="100% (2/2)">
                  <conditions>
                    <condition number="82" type="jump" coverage="100%" />
                  </conditions>
                </line>
                <line number="175" hits="1" branch="False" />
                <line number="178" hits="1" branch="True" condition-coverage="50% (1/2)">
                  <conditions>
                    <condition number="95" type="jump" coverage="50%" />
                  </conditions>
                </line>
                <line number="179" hits="0" branch="False" />
                <line number="181" hits="1" branch="False" />
                <line number="183" hits="0" branch="False" />
                <line number="185" hits="0" branch="False" />
                <line number="187" hits="2" branch="False" />
              </lines>
            </method>
            <method name="ExtractData" signature="(System.String)" line-rate="0" branch-rate="0" complexity="10">
              <lines>
                <line number="191" hits="0" branch="False" />
                <line number="192" hits="0" branch="False" />
                <line number="194" hits="0" branch="False" />
                <line number="196" hits="0" branch="True" condition-coverage="0% (0/4)">
                  <conditions>
                    <condition number="44" type="jump" coverage="0%" />
                    <condition number="55" type="jump" coverage="0%" />
                  </conditions>
                </line>
                <line number="197" hits="0" branch="False" />
                <line number="199" hits="0" branch="True" condition-coverage="0% (0/2)">
                  <conditions>
                    <condition number="89" type="jump" coverage="0%" />
                  </conditions>
                </line>
                <line number="200" hits="0" branch="True" condition-coverage="0% (0/2)">
                  <conditions>
                    <condition number="105" type="jump" coverage="0%" />
                  </conditions>
                </line>
                <line number="202" hits="0" branch="True" condition-coverage="0% (0/2)">
                  <conditions>
                    <condition number="132" type="jump" coverage="0%" />
                  </conditions>
                </line>
                <line number="203" hits="0" branch="False" />
                <line number="205" hits="0" branch="False" />
                <line number="206" hits="0" branch="False" />
              </lines>
            </method>
          </methods>
          <lines>
            <line number="153" hits="0" branch="False" />
            <line number="159" hits="2" branch="False" />
            <line number="160" hits="2" branch="False" />
            <line number="163" hits="2" branch="True" condition-coverage="50% (1/2)">
              <conditions>
                <condition number="38" type="jump" coverage="50%" />
              </conditions>
            </line>
            <line number="164" hits="0" branch="False" />
            <line number="166" hits="2" branch="True" condition-coverage="50% (1/2)">
              <conditions>
                <condition number="53" type="jump" coverage="50%" />
              </conditions>
            </line>
            <line number="167" hits="0" branch="False" />
            <line number="170" hits="2" branch="True" condition-coverage="50% (1/2)">
              <conditions>
                <condition number="69" type="jump" coverage="50%" />
              </conditions>
            </line>
            <line number="171" hits="0" branch="False" />
            <line number="174" hits="2" branch="True" condition-coverage="100% (2/2)">
              <conditions>
                <condition number="82" type="jump" coverage="100%" />
              </conditions>
            </line>
            <line number="175" hits="1" branch="False" />
            <line number="178" hits="1" branch="True" condition-coverage="50% (1/2)">
              <conditions>
                <condition number="95" type="jump" coverage="50%" />
              </conditions>
            </line>
            <line number="179" hits="0" branch="False" />
            <line number="181" hits="1" branch="False" />
            <line number="183" hits="0" branch="False" />
            <line number="185" hits="0" branch="False" />
            <line number="187" hits="2" branch="False" />
            <line number="191" hits="0" branch="False" />
            <line number="192" hits="0" branch="False" />
            <line number="194" hits="0" branch="False" />
            <line number="196" hits="0" branch="True" condition-coverage="0% (0/4)">
              <conditions>
                <condition number="44" type="jump" coverage="0%" />
                <condition number="55" type="jump" coverage="0%" />
              </conditions>
            </line>
            <line number="197" hits="0" branch="False" />
            <line number="199" hits="0" branch="True" condition-coverage="0% (0/2)">
              <conditions>
                <condition number="89" type="jump" coverage="0%" />
              </conditions>
            </line>
            <line number="200" hits="0" branch="True" condition-coverage="0% (0/2)">
              <conditions>
                <condition number="105" type="jump" coverage="0%" />
              </conditions>
            </line>
            <line number="202" hits="0" branch="True" condition-coverage="0% (0/2)">
              <conditions>
                <condition number="132" type="jump" coverage="0%" />
              </conditions>
            </line>
            <line number="203" hits="0" branch="False" />
            <line number="205" hits="0" branch="False" />
            <line number="206" hits="0" branch="False" />
          </lines>
        </class>
        <class name="AgroSolution.Core.App.Validation.WeatherStationValidator" filename="Validation\IoTDeviceValidator.cs" line-rate="0.47159999999999996" branch-rate="0.4545" complexity="89">
          <methods>
            <method name="get_SupportedDeviceType" signature="()" line-rate="0" branch-rate="1" complexity="1">
              <lines>
                <line number="215" hits="0" branch="False" />
              </lines>
            </method>
            <method name="ValidateRawData" signature="(System.String)" line-rate="0.6944" branch-rate="0.5882000000000001" complexity="68">
              <lines>
                <line number="221" hits="1" branch="False" />
                <line number="222" hits="1" branch="False" />
                <line number="225" hits="1" branch="True" condition-coverage="50% (2/4)">
                  <conditions>
                    <condition number="38" type="jump" coverage="50%" />
                    <condition number="54" type="jump" coverage="50%" />
                  </conditions>
                </line>
                <line number="226" hits="0" branch="False" />
                <line number="228" hits="1" branch="True" condition-coverage="50% (1/2)">
                  <conditions>
                    <condition number="72" type="jump" coverage="50%" />
                  </conditions>
                </line>
                <line number="229" hits="0" branch="False" />
                <line number="232" hits="1" branch="True" condition-coverage="50% (1/2)">
                  <conditions>
                    <condition number="96" type="jump" coverage="50%" />
                  </conditions>
                </line>
                <line number="233" hits="0" branch="False" />
                <line number="236" hits="1" branch="True" condition-coverage="100% (2/2)">
                  <conditions>
                    <condition number="120" type="jump" coverage="100%" />
                  </conditions>
                </line>
                <line number="238" hits="1" branch="True" condition-coverage="50% (2/4)">
                  <conditions>
                    <condition number="130" type="jump" coverage="50%" />
                    <condition number="141" type="jump" coverage="50%" />
                  </conditions>
                </line>
                <line number="239" hits="0" branch="False" />
                <line number="240" hits="1" branch="True" condition-coverage="50% (2/4)">
                  <conditions>
                    <condition number="158" type="jump" coverage="50%" />
                    <condition number="167" type="jump" coverage="50%" />
                  </conditions>
                </line>
                <line number="244" hits="1" branch="True" condition-coverage="100% (2/2)">
                  <conditions>
                    <condition number="191" type="jump" coverage="100%" />
                  </conditions>
                </line>
                <line number="246" hits="1" branch="True" condition-coverage="50% (2/4)">
                  <conditions>
                    <condition number="201" type="jump" coverage="50%" />
                    <condition number="212" type="jump" coverage="50%" />
                  </conditions>
                </line>
                <line number="247" hits="0" branch="False" />
                <line number="248" hits="1" branch="True" condition-coverage="50% (2/4)">
                  <conditions>
                    <condition number="229" type="jump" coverage="50%" />
                    <condition number="238" type="jump" coverage="50%" />
                  </conditions>
                </line>
                <line number="252" hits="1" branch="True" condition-coverage="100% (2/2)">
                  <conditions>
                    <condition number="262" type="jump" coverage="100%" />
                  </conditions>
                </line>
                <line number="254" hits="1" branch="True" condition-coverage="50% (2/4)">
                  <conditions>
                    <condition number="272" type="jump" coverage="50%" />
                    <condition number="283" type="jump" coverage="50%" />
                  </conditions>
                </line>
                <line number="255" hits="0" branch="False" />
                <line number="256" hits="1" branch="True" condition-coverage="50% (2/4)">
                  <conditions>
                    <condition number="300" type="jump" coverage="50%" />
                    <condition number="309" type="jump" coverage="50%" />
                  </conditions>
                </line>
                <line number="260" hits="1" branch="True" condition-coverage="100% (2/2)">
                  <conditions>
                    <condition number="333" type="jump" coverage="100%" />
                  </conditions>
                </line>
                <line number="262" hits="1" branch="True" condition-coverage="50% (2/4)">
                  <conditions>
                    <condition number="343" type="jump" coverage="50%" />
                    <condition number="354" type="jump" coverage="50%" />
                  </conditions>
                </line>
                <line number="263" hits="0" branch="False" />
                <line number="264" hits="1" branch="True" condition-coverage="50% (2/4)">
                  <conditions>
                    <condition number="371" type="jump" coverage="50%" />
                    <condition number="380" type="jump" coverage="50%" />
                  </conditions>
                </line>
                <line number="268" hits="1" branch="True" condition-coverage="100% (2/2)">
                  <conditions>
                    <condition number="404" type="jump" coverage="100%" />
                  </conditions>
                </line>
                <line number="270" hits="1" branch="True" condition-coverage="50% (2/4)">
                  <conditions>
                    <condition number="414" type="jump" coverage="50%" />
                    <condition number="425" type="jump" coverage="50%" />
                  </conditions>
                </line>
                <line number="271" hits="0" branch="False" />
                <line number="272" hits="1" branch="True" condition-coverage="50% (2/4)">
                  <conditions>
                    <condition number="439" type="jump" coverage="50%" />
                    <condition number="448" type="jump" coverage="50%" />
                  </conditions>
                </line>
                <line number="276" hits="1" branch="True" condition-coverage="100% (2/2)">
                  <conditions>
                    <condition number="469" type="jump" coverage="100%" />
                  </conditions>
                </line>
                <line number="278" hits="1" branch="True" condition-coverage="50% (2/4)">
                  <conditions>
                    <condition number="479" type="jump" coverage="50%" />
                    <condition number="490" type="jump" coverage="50%" />
                  </conditions>
                </line>
                <line number="279" hits="0" branch="False" />
                <line number="280" hits="1" branch="True" condition-coverage="50% (2/4)">
                  <conditions>
                    <condition number="504" type="jump" coverage="50%" />
                    <condition number="513" type="jump" coverage="50%" />
                  </conditions>
                </line>
                <line number="283" hits="1" branch="False" />
                <line number="285" hits="0" branch="False" />
                <line number="287" hits="0" branch="False" />
                <line number="289" hits="1" branch="False" />
              </lines>
            </method>
            <method name="ExtractData" signature="(System.String)" line-rate="0" branch-rate="0" complexity="20">
              <lines>
                <line number="293" hits="0" branch="False" />
                <line number="294" hits="0" branch="False" />
                <line number="296" hits="0" branch="False" />
                <line number="298" hits="0" branch="True" condition-coverage="0% (0/4)">
                  <conditions>
                    <condition number="44" type="jump" coverage="0%" />
                    <condition number="60" type="jump" coverage="0%" />
                  </conditions>
                </line>
                <line number="299" hits="0" branch="False" />
                <line number="301" hits="0" branch="True" condition-coverage="0% (0/4)">
                  <conditions>
                    <condition number="94" type="jump" coverage="0%" />
                    <condition number="104" type="jump" coverage="0%" />
                  </conditions>
                </line>
                <line number="302" hits="0" branch="False" />
                <line number="304" hits="0" branch="True" condition-coverage="0% (0/4)">
                  <conditions>
                    <condition number="138" type="jump" coverage="0%" />
                    <condition number="151" type="jump" coverage="0%" />
                  </conditions>
                </line>
                <line number="306" hits="0" branch="True" condition-coverage="0% (0/2)">
                  <conditions>
                    <condition number="341" type="jump" coverage="0%" />
                  </conditions>
                </line>
                <line number="308" hits="0" branch="True" condition-coverage="0% (0/4)">
                  <conditions>
                    <condition number="205" type="jump" coverage="0%" />
                    <condition number="225" type="jump" coverage="0%" />
                  </conditions>
                </line>
                <line number="309" hits="0" branch="False" />
                <line number="310" hits="0" branch="True" condition-coverage="0% (0/2)">
                  <conditions>
                    <condition number="266" type="jump" coverage="0%" />
                  </conditions>
                </line>
                <line number="311" hits="0" branch="False" />
                <line number="313" hits="0" branch="False" />
                <line number="317" hits="0" branch="False" />
                <line number="318" hits="0" branch="False" />
              </lines>
            </method>
          </methods>
          <lines>
            <line number="215" hits="0" branch="False" />
            <line number="221" hits="1" branch="False" />
            <line number="222" hits="1" branch="False" />
            <line number="225" hits="1" branch="True" condition-coverage="50% (2/4)">
              <conditions>
                <condition number="38" type="jump" coverage="50%" />
                <condition number="54" type="jump" coverage="50%" />
              </conditions>
            </line>
            <line number="226" hits="0" branch="False" />
            <line number="228" hits="1" branch="True" condition-coverage="50% (1/2)">
              <conditions>
                <condition number="72" type="jump" coverage="50%" />
              </conditions>
            </line>
            <line number="229" hits="0" branch="False" />
            <line number="232" hits="1" branch="True" condition-coverage="50% (1/2)">
              <conditions>
                <condition number="96" type="jump" coverage="50%" />
              </conditions>
            </line>
            <line number="233" hits="0" branch="False" />
            <line number="236" hits="1" branch="True" condition-coverage="100% (2/2)">
              <conditions>
                <condition number="120" type="jump" coverage="100%" />
              </conditions>
            </line>
            <line number="238" hits="1" branch="True" condition-coverage="50% (2/4)">
              <conditions>
                <condition number="130" type="jump" coverage="50%" />
                <condition number="141" type="jump" coverage="50%" />
              </conditions>
            </line>
            <line number="239" hits="0" branch="False" />
            <line number="240" hits="1" branch="True" condition-coverage="50% (2/4)">
              <conditions>
                <condition number="158" type="jump" coverage="50%" />
                <condition number="167" type="jump" coverage="50%" />
              </conditions>
            </line>
            <line number="244" hits="1" branch="True" condition-coverage="100% (2/2)">
              <conditions>
                <condition number="191" type="jump" coverage="100%" />
              </conditions>
            </line>
            <line number="246" hits="1" branch="True" condition-coverage="50% (2/4)">
              <conditions>
                <condition number="201" type="jump" coverage="50%" />
                <condition number="212" type="jump" coverage="50%" />
              </conditions>
            </line>
            <line number="247" hits="0" branch="False" />
            <line number="248" hits="1" branch="True" condition-coverage="50% (2/4)">
              <conditions>
                <condition number="229" type="jump" coverage="50%" />
                <condition number="238" type="jump" coverage="50%" />
              </conditions>
            </line>
            <line number="252" hits="1" branch="True" condition-coverage="100% (2/2)">
              <conditions>
                <condition number="262" type="jump" coverage="100%" />
              </conditions>
            </line>
            <line number="254" hits="1" branch="True" condition-coverage="50% (2/4)">
              <conditions>
                <condition number="272" type="jump" coverage="50%" />
                <condition number="283" type="jump" coverage="50%" />
              </conditions>
            </line>
            <line number="255" hits="0" branch="False" />
            <line number="256" hits="1" branch="True" condition-coverage="50% (2/4)">
              <conditions>
                <condition number="300" type="jump" coverage="50%" />
                <condition number="309" type="jump" coverage="50%" />
              </conditions>
            </line>
            <line number="260" hits="1" branch="True" condition-coverage="100% (2/2)">
              <conditions>
                <condition number="333" type="jump" coverage="100%" />
              </conditions>
            </line>
            <line number="262" hits="1" branch="True" condition-coverage="50% (2/4)">
              <conditions>
                <condition number="343" type="jump" coverage="50%" />
                <condition number="354" type="jump" coverage="50%" />
              </conditions>
            </line>
            <line number="263" hits="0" branch="False" />
            <line number="264" hits="1" branch="True" condition-coverage="50% (2/4)">
              <conditions>
                <condition number="371" type="jump" coverage="50%" />
                <condition number="380" type="jump" coverage="50%" />
              </conditions>
            </line>
            <line number="268" hits="1" branch="True" condition-coverage="100% (2/2)">
              <conditions>
                <condition number="404" type="jump" coverage="100%" />
              </conditions>
            </line>
            <line number="270" hits="1" branch="True" condition-coverage="50% (2/4)">
              <conditions>
                <condition number="414" type="jump" coverage="50%" />
                <condition number="425" type="jump" coverage="50%" />
              </conditions>
            </line>
            <line number="271" hits="0" branch="False" />
            <line number="272" hits="1" branch="True" condition-coverage="50% (2/4)">
              <conditions>
                <condition number="439" type="jump" coverage="50%" />
                <condition number="448" type="jump" coverage="50%" />
              </conditions>
            </line>
            <line number="276" hits="1" branch="True" condition-coverage="100% (2/2)">
              <conditions>
                <condition number="469" type="jump" coverage="100%" />
              </conditions>
            </line>
            <line number="278" hits="1" branch="True" condition-coverage="50% (2/4)">
              <conditions>
                <condition number="479" type="jump" coverage="50%" />
                <condition number="490" type="jump" coverage="50%" />
              </conditions>
            </line>
            <line number="279" hits="0" branch="False" />
            <line number="280" hits="1" branch="True" condition-coverage="50% (2/4)">
              <conditions>
                <condition number="504" type="jump" coverage="50%" />
                <condition number="513" type="jump" coverage="50%" />
              </conditions>
            </line>
            <line number="283" hits="1" branch="False" />
            <line number="285" hits="0" branch="False" />
            <line number="287" hits="0" branch="False" />
            <line number="289" hits="1" branch="False" />
            <line number="293" hits="0" branch="False" />
            <line number="294" hits="0" branch="False" />
            <line number="296" hits="0" branch="False" />
            <line number="298" hits="0" branch="True" condition-coverage="0% (0/4)">
              <conditions>
                <condition number="44" type="jump" coverage="0%" />
                <condition number="60" type="jump" coverage="0%" />
              </conditions>
            </line>
            <line number="299" hits="0" branch="False" />
            <line number="301" hits="0" branch="True" condition-coverage="0% (0/4)">
              <conditions>
                <condition number="94" type="jump" coverage="0%" />
                <condition number="104" type="jump" coverage="0%" />
              </conditions>
            </line>
            <line number="302" hits="0" branch="False" />
            <line number="304" hits="0" branch="True" condition-coverage="0% (0/4)">
              <conditions>
                <condition number="138" type="jump" coverage="0%" />
                <condition number="151" type="jump" coverage="0%" />
              </conditions>
            </line>
            <line number="306" hits="0" branch="True" condition-coverage="0% (0/2)">
              <conditions>
                <condition number="341" type="jump" coverage="0%" />
              </conditions>
            </line>
            <line number="308" hits="0" branch="True" condition-coverage="0% (0/4)">
              <conditions>
                <condition number="205" type="jump" coverage="0%" />
                <condition number="225" type="jump" coverage="0%" />
              </conditions>
            </line>
            <line number="309" hits="0" branch="False" />
            <line number="310" hits="0" branch="True" condition-coverage="0% (0/2)">
              <conditions>
                <condition number="266" type="jump" coverage="0%" />
              </conditions>
            </line>
            <line number="311" hits="0" branch="False" />
            <line number="313" hits="0" branch="False" />
            <line number="317" hits="0" branch="False" />
            <line number="318" hits="0" branch="False" />
          </lines>
        </class>
        <class name="AgroSolution.Core.App.Validation.IoTDeviceValidatorFactory" filename="Validation\IoTDeviceValidator.cs" line-rate="0.9229999999999999" branch-rate="0.5" complexity="4">
          <methods>
            <method name="GetValidator" signature="(AgroSolution.Core.App.DTO.IoTDeviceType)" line-rate="0.6666" branch-rate="0.5" complexity="2">
              <lines>
                <line number="344" hits="12" branch="True" condition-coverage="50% (1/2)">
                  <conditions>
                    <condition number="14" type="jump" coverage="50%" />
                  </conditions>
                </line>
                <line number="345" hits="12" branch="False" />
                <line number="347" hits="0" branch="False" />
              </lines>
            </method>
            <method name="HasValidator" signature="(AgroSolution.Core.App.DTO.IoTDeviceType)" line-rate="1" branch-rate="1" complexity="1">
              <lines>
                <line number="353" hits="12" branch="False" />
              </lines>
            </method>
            <method name=".ctor" signature="()" line-rate="1" branch-rate="1" complexity="1">
              <lines>
                <line number="328" hits="18" branch="False" />
                <line number="330" hits="18" branch="False" />
                <line number="331" hits="18" branch="False" />
                <line number="332" hits="18" branch="False" />
                <line number="333" hits="18" branch="False" />
                <line number="334" hits="18" branch="False" />
                <line number="335" hits="18" branch="False" />
                <line number="336" hits="18" branch="False" />
                <line number="337" hits="18" branch="False" />
              </lines>
            </method>
          </methods>
          <lines>
            <line number="344" hits="12" branch="True" condition-coverage="50% (1/2)">
              <conditions>
                <condition number="14" type="jump" coverage="50%" />
              </conditions>
            </line>
            <line number="345" hits="12" branch="False" />
            <line number="347" hits="0" branch="False" />
            <line number="353" hits="12" branch="False" />
            <line number="328" hits="18" branch="False" />
            <line number="330" hits="18" branch="False" />
            <line number="331" hits="18" branch="False" />
            <line number="332" hits="18" branch="False" />
            <line number="333" hits="18" branch="False" />
            <line number="334" hits="18" branch="False" />
            <line number="335" hits="18" branch="False" />
            <line number="336" hits="18" branch="False" />
            <line number="337" hits="18" branch="False" />
          </lines>
        </class>
        <class name="AgroSolution.Core.App.Features.ReceiveIoTData.ReceiveIoTData" filename="Features\ReceiveIoTData\ReceiveIoTData.cs" line-rate="1" branch-rate="1" complexity="1">
          <methods>
            <method name=".ctor" signature="(AgroSolution.Core.Domain.Interfaces.IIoTDataRepository,AgroSolution.Core.App.Validation.IoTDeviceValidatorFactory,AgroSolution.Core.Domain.Interfaces.IDeviceRepository)" line-rate="1" branch-rate="1" complexity="1">
              <lines>
                <line number="32" hits="18" branch="False" />
                <line number="33" hits="18" branch="False" />
                <line number="34" hits="18" branch="False" />
                <line number="35" hits="18" branch="False" />
                <line number="37" hits="18" branch="False" />
                <line number="38" hits="18" branch="False" />
                <line number="39" hits="18" branch="False" />
                <line number="40" hits="18" branch="False" />
              </lines>
            </method>
          </methods>
          <lines>
            <line number="32" hits="18" branch="False" />
            <line number="33" hits="18" branch="False" />
            <line number="34" hits="18" branch="False" />
            <line number="35" hits="18" branch="False" />
            <line number="37" hits="18" branch="False" />
            <line number="38" hits="18" branch="False" />
            <line number="39" hits="18" branch="False" />
            <line number="40" hits="18" branch="False" />
          </lines>
        </class>
        <class name="AgroSolution.Core.App.Features.ReceiveIoTData.ReceiveIoTData/&lt;ExecuteAsync&gt;d__4" filename="Features\ReceiveIoTData\ReceiveIoTData.cs" line-rate="0.8979" branch-rate="0.9062" complexity="32">
          <methods>
            <method name="MoveNext" signature="()" line-rate="0.8979" branch-rate="0.9062" complexity="32">
              <lines>
                <line number="45" hits="18" branch="True" condition-coverage="100% (2/2)">
                  <conditions>
                    <condition number="33" type="jump" coverage="100%" />
                  </conditions>
                </line>
                <line number="46" hits="1" branch="False" />
                <line number="50" hits="17" branch="True" condition-coverage="100% (4/4)">
                  <conditions>
                    <condition number="71" type="jump" coverage="100%" />
                    <condition number="103" type="jump" coverage="100%" />
                  </conditions>
                </line>
                <line number="52" hits="11" branch="False" />
                <line number="57" hits="6" branch="False" />
                <line number="58" hits="6" branch="True" condition-coverage="100% (2/2)">
                  <conditions>
                    <condition number="151" type="jump" coverage="100%" />
                  </conditions>
                </line>
                <line number="62" hits="5" branch="False" />
                <line number="63" hits="5" branch="False" />
                <line number="64" hits="5" branch="True" condition-coverage="100% (4/4)">
                  <conditions>
                    <condition number="207" type="jump" coverage="100%" />
                    <condition number="217" type="jump" coverage="100%" />
                  </conditions>
                </line>
                <line number="65" hits="4" branch="False" />
                <line number="66" hits="1" branch="True" condition-coverage="50% (2/4)">
                  <conditions>
                    <condition number="244" type="jump" coverage="50%" />
                    <condition number="254" type="jump" coverage="50%" />
                  </conditions>
                </line>
                <line number="67" hits="0" branch="False" />
                <line number="68" hits="5" branch="False" />
                <line number="69" hits="0" branch="False" />
                <line number="72" hits="6" branch="True" condition-coverage="100% (2/2)">
                  <conditions>
                    <condition number="295" type="jump" coverage="100%" />
                  </conditions>
                </line>
                <line number="73" hits="1" branch="False" />
                <line number="76" hits="5" branch="False" />
                <line number="77" hits="5" branch="True" condition-coverage="100% (4/4)">
                  <conditions>
                    <condition number="423" type="jump" coverage="100%" />
                    <condition number="442" type="jump" coverage="100%" />
                  </conditions>
                </line>
                <line number="78" hits="3" branch="False" />
                <line number="80" hits="2" branch="False" />
                <line number="84" hits="13" branch="True" condition-coverage="100% (2/2)">
                  <conditions>
                    <condition number="484" type="jump" coverage="100%" />
                  </conditions>
                </line>
                <line number="85" hits="1" branch="False" />
                <line number="88" hits="12" branch="True" condition-coverage="50% (1/2)">
                  <conditions>
                    <condition number="524" type="jump" coverage="50%" />
                  </conditions>
                </line>
                <line number="89" hits="0" branch="False" />
                <line number="92" hits="12" branch="False" />
                <line number="95" hits="12" branch="True" condition-coverage="100% (2/2)">
                  <conditions>
                    <condition number="622" type="jump" coverage="100%" />
                  </conditions>
                </line>
                <line number="96" hits="5" branch="False" />
                <line number="97" hits="5" branch="False" />
                <line number="98" hits="5" branch="False" />
                <line number="103" hits="7" branch="True" condition-coverage="100% (2/2)">
                  <conditions>
                    <condition number="756" type="jump" coverage="100%" />
                  </conditions>
                </line>
                <line number="104" hits="7" branch="False" />
                <line number="105" hits="7" branch="False" />
                <line number="106" hits="7" branch="False" />
                <line number="107" hits="7" branch="False" />
                <line number="110" hits="7" branch="False" />
                <line number="112" hits="7" branch="True" condition-coverage="100% (2/2)">
                  <conditions>
                    <condition number="887" type="jump" coverage="100%" />
                  </conditions>
                </line>
                <line number="113" hits="1" branch="False" />
                <line number="116" hits="6" branch="False" />
                <line number="117" hits="6" branch="False" />
                <line number="118" hits="6" branch="False" />
                <line number="119" hits="6" branch="False" />
                <line number="120" hits="6" branch="False" />
                <line number="121" hits="6" branch="False" />
                <line number="122" hits="6" branch="False" />
                <line number="123" hits="6" branch="False" />
                <line number="125" hits="6" branch="False" />
                <line number="127" hits="0" branch="False" />
                <line number="129" hits="0" branch="False" />
                <line number="131" hits="18" branch="False" />
              </lines>
            </method>
          </methods>
          <lines>
            <line number="45" hits="18" branch="True" condition-coverage="100% (2/2)">
              <conditions>
                <condition number="33" type="jump" coverage="100%" />
              </conditions>
            </line>
            <line number="46" hits="1" branch="False" />
            <line number="50" hits="17" branch="True" condition-coverage="100% (4/4)">
              <conditions>
                <condition number="71" type="jump" coverage="100%" />
                <condition number="103" type="jump" coverage="100%" />
              </conditions>
            </line>
            <line number="52" hits="11" branch="False" />
            <line number="57" hits="6" branch="False" />
            <line number="58" hits="6" branch="True" condition-coverage="100% (2/2)">
              <conditions>
                <condition number="151" type="jump" coverage="100%" />
              </conditions>
            </line>
            <line number="62" hits="5" branch="False" />
            <line number="63" hits="5" branch="False" />
            <line number="64" hits="5" branch="True" condition-coverage="100% (4/4)">
              <conditions>
                <condition number="207" type="jump" coverage="100%" />
                <condition number="217" type="jump" coverage="100%" />
              </conditions>
            </line>
            <line number="65" hits="4" branch="False" />
            <line number="66" hits="1" branch="True" condition-coverage="50% (2/4)">
              <conditions>
                <condition number="244" type="jump" coverage="50%" />
                <condition number="254" type="jump" coverage="50%" />
              </conditions>
            </line>
            <line number="67" hits="0" branch="False" />
            <line number="68" hits="5" branch="False" />
            <line number="69" hits="0" branch="False" />
            <line number="72" hits="6" branch="True" condition-coverage="100% (2/2)">
              <conditions>
                <condition number="295" type="jump" coverage="100%" />
              </conditions>
            </line>
            <line number="73" hits="1" branch="False" />
            <line number="76" hits="5" branch="False" />
            <line number="77" hits="5" branch="True" condition-coverage="100% (4/4)">
              <conditions>
                <condition number="423" type="jump" coverage="100%" />
                <condition number="442" type="jump" coverage="100%" />
              </conditions>
            </line>
            <line number="78" hits="3" branch="False" />
            <line number="80" hits="2" branch="False" />
            <line number="84" hits="13" branch="True" condition-coverage="100% (2/2)">
              <conditions>
                <condition number="484" type="jump" coverage="100%" />
              </conditions>
            </line>
            <line number="85" hits="1" branch="False" />
            <line number="88" hits="12" branch="True" condition-coverage="50% (1/2)">
              <conditions>
                <condition number="524" type="jump" coverage="50%" />
              </conditions>
            </line>
            <line number="89" hits="0" branch="False" />
            <line number="92" hits="12" branch="False" />
            <line number="95" hits="12" branch="True" condition-coverage="100% (2/2)">
              <conditions>
                <condition number="622" type="jump" coverage="100%" />
              </conditions>
            </line>
            <line number="96" hits="5" branch="False" />
            <line number="97" hits="5" branch="False" />
            <line number="98" hits="5" branch="False" />
            <line number="103" hits="7" branch="True" condition-coverage="100% (2/2)">
              <conditions>
                <condition number="756" type="jump" coverage="100%" />
              </conditions>
            </line>
            <line number="104" hits="7" branch="False" />
            <line number="105" hits="7" branch="False" />
            <line number="106" hits="7" branch="False" />
            <line number="107" hits="7" branch="False" />
            <line number="110" hits="7" branch="False" />
            <line number="112" hits="7" branch="True" condition-coverage="100% (2/2)">
              <conditions>
                <condition number="887" type="jump" coverage="100%" />
              </conditions>
            </line>
            <line number="113" hits="1" branch="False" />
            <line number="116" hits="6" branch="False" />
            <line number="117" hits="6" branch="False" />
            <line number="118" hits="6" branch="False" />
            <line number="119" hits="6" branch="False" />
            <line number="120" hits="6" branch="False" />
            <line number="121" hits="6" branch="False" />
            <line number="122" hits="6" branch="False" />
            <line number="123" hits="6" branch="False" />
            <line number="125" hits="6" branch="False" />
            <line number="127" hits="0" branch="False" />
            <line number="129" hits="0" branch="False" />
            <line number="131" hits="18" branch="False" />
          </lines>
        </class>
      </classes>
    </package>
  </packages>
</coverage>